\BOOKMARK [2][]{Outline0.1}{\376\377\004\047\004\102\004\076\000\040\004\102\004\060\004\072\004\076\004\065\000\040\000S\000U\000T\000\040\004\102\004\060\004\061\004\073\004\070\004\106\004\113}{}% 1
\BOOKMARK [2][]{Outline0.2}{\376\377\004\037\004\100\004\070\004\074\004\065\004\100\000\040\000S\000U\000T\000\040\004\102\004\060\004\061\004\073\004\070\004\106}{}% 2
\BOOKMARK [2][]{Outline0.3}{\376\377\004\027\004\060\004\064\004\060\004\107\004\060\000\040\004\077\004\100\004\076\004\063\004\075\004\076\004\067\004\070\004\100\004\076\004\062\004\060\004\075\004\070\004\117\000\040\000S\000U\000T\000\040\004\102\004\060\004\061\004\073\004\070\004\106}{}% 3
\BOOKMARK [2][]{Outline0.4}{\376\377\004\034\004\076\004\064\004\065\004\073\004\114}{}% 4
\BOOKMARK [2][]{Outline0.5}{\376\377\004\037\004\100\004\070\004\074\004\065\004\100}{}% 5
\BOOKMARK [2][]{Outline0.6}{\376\377\004\036\004\061\004\111\004\060\004\117\000\040\004\077\004\076\004\101\004\102\004\060\004\075\004\076\004\062\004\072\004\060\000\040\004\067\004\060\004\064\004\060\004\107\004\070}{}% 6
\BOOKMARK [2][]{Outline0.7}{\376\377\004\034\004\065\004\102\004\076\004\064\000\040\004\067\004\060\004\074\004\065\004\075\004\113\000\040\004\077\004\065\004\100\004\065\004\074\004\065\004\075\004\075\004\113\004\105}{}% 7
\BOOKMARK [2][]{Outline0.8}{\376\377\004\034\004\065\004\102\004\076\004\064\000\040\004\110\004\102\004\100\004\060\004\104\004\075\004\113\004\105\000\040\004\104\004\103\004\075\004\072\004\106\004\070\004\071}{}% 8
\BOOKMARK [2][]{Outline0.9}{\376\377\004\034\004\065\004\102\004\076\004\064\000\040\004\074\004\075\004\076\004\066\004\070\004\102\004\065\004\073\004\065\004\071\000\040\004\033\004\060\004\063\004\100\004\060\004\075\004\066\004\060}{}% 9
\BOOKMARK [2][]{Outline0.10}{\376\377\004\040\004\065\004\073\004\060\004\072\004\101\004\060\004\106\004\070\004\076\004\075\004\075\004\113\004\071\000\040\004\074\004\065\004\102\004\076\004\064}{}% 10
\BOOKMARK [2][]{Outline0.11}{\376\377\004\040\004\065\004\060\004\073\004\070\004\067\004\076\004\062\004\060\004\075\004\075\004\113\004\065\000\040\004\074\004\065\004\102\004\076\004\064\004\113\000\040\004\064\004\073\004\117\000\040\004\077\004\100\004\076\004\063\004\075\004\076\004\067\004\070\004\100\004\076\004\062\004\060\004\075\004\070\004\117\000\040\000S\000U\000T\000\040\004\102\004\060\004\061\004\073\004\070\004\106}{}% 11
\BOOKMARK [2][]{Outline0.12}{\376\377\004\034\004\065\004\102\004\076\004\064\000\040\000I\000m\000p\000r\000o\000v\000e\000d\000\040\000n\000o\000r\000m\000a\000l\000i\000z\000e\000d\000\040\000s\000q\000u\000a\000r\000e\000d\000\040\000d\000i\000f\000f\000e\000r\000e\000n\000c\000e\000s}{}% 12
\BOOKMARK [2][]{Outline0.13}{\376\377\004\034\004\065\004\102\004\076\004\064\000\040\000I\000m\000p\000r\000o\000v\000e\000d\000\040\000n\000o\000r\000m\000a\000l\000i\000z\000e\000d\000\040\000s\000q\000u\000a\000r\000e\000d\000\040\000d\000i\000f\000f\000e\000r\000e\000n\000c\000e\000s}{}% 13
\BOOKMARK [2][]{Outline0.14}{\376\377\004\034\004\065\004\102\004\076\004\064\000\040\000I\000m\000p\000r\000o\000v\000e\000d\000\040\000n\000o\000r\000m\000a\000l\000i\000z\000e\000d\000\040\000s\000q\000u\000a\000r\000e\000d\000\040\000d\000i\000f\000f\000e\000r\000e\000n\000c\000e\000s}{}% 14
\BOOKMARK [2][]{Outline0.15}{\376\377\004\034\004\065\004\102\004\076\004\064\000\040\000I\000m\000p\000r\000o\000v\000e\000d\000\040\000n\000o\000r\000m\000a\000l\000i\000z\000e\000d\000\040\000s\000q\000u\000a\000r\000e\000d\000\040\000d\000i\000f\000f\000e\000r\000e\000n\000c\000e\000s}{}% 15
\BOOKMARK [2][]{Outline0.16}{\376\377\004\034\004\065\004\102\004\076\004\064\000\040\004\077\004\100\004\076\004\065\004\072\004\102\004\070\004\100\004\076\004\062\004\060\004\075\004\070\004\117\000\040\004\063\004\100\004\060\004\064\004\070\004\065\004\075\004\102\004\060\000\040\000\050\004\100\004\065\004\073\004\060\004\072\004\101\004\060\004\106\004\070\004\076\004\075\004\075\004\113\004\071\000\051}{}% 16
\BOOKMARK [2][]{Outline0.17}{\376\377\004\034\004\065\004\102\004\076\004\064\000\040\004\077\004\100\004\076\004\065\004\072\004\102\004\070\004\100\004\076\004\062\004\060\004\075\004\070\004\117\000\040\004\063\004\100\004\060\004\064\004\070\004\065\004\075\004\102\004\060\000\040\000\050\004\100\004\065\004\073\004\060\004\072\004\101\004\060\004\106\004\070\004\076\004\075\004\075\004\113\004\071\000\051}{}% 17
\BOOKMARK [2][]{Outline0.18}{\376\377\004\034\004\065\004\102\004\076\004\064\000\040\004\077\004\100\004\076\004\065\004\072\004\102\004\070\004\100\004\076\004\062\004\060\004\075\004\070\004\117\000\040\004\063\004\100\004\060\004\064\004\070\004\065\004\075\004\102\004\060\000\040\000\050\004\100\004\065\004\073\004\060\004\072\004\101\004\060\004\106\004\070\004\076\004\075\004\075\004\113\004\071\000\051}{}% 18
\BOOKMARK [2][]{Outline0.19}{\376\377\004\037\004\100\004\070\004\074\004\065\004\100}{}% 19
\BOOKMARK [2][]{Outline0.20}{\376\377\004\024\004\100\004\103\004\063\004\070\004\065\000\040\004\074\004\065\004\102\004\076\004\064\004\113}{}% 20
\BOOKMARK [2][]{Outline0.21}{\376\377\004\024\004\060\004\075\004\075\004\113\004\065\000\040\004\064\004\073\004\117\000\040\004\102\004\065\004\101\004\102\004\070\004\100\004\076\004\062\004\060\004\075\004\070\004\117}{}% 21
\BOOKMARK [2][]{Outline0.22}{\376\377\004\034\004\065\004\102\004\100\004\070\004\072\004\070}{}% 22
\BOOKMARK [2][]{Outline0.23}{\376\377\004\040\004\065\004\067\004\103\004\073\004\114\004\102\004\060\004\102\004\113\000.\000\040\004\035\004\070\004\064\004\065\004\100\004\073\004\060\004\075\004\064\004\113\000,\000\040\004\067\004\060\004\062\004\070\004\101\004\070\004\074\004\076\004\101\004\102\004\114\000\040\004\076\004\102\000\040\000M}{}% 23
\BOOKMARK [2][]{Outline0.24}{\376\377\004\040\004\065\004\067\004\103\004\073\004\114\004\102\004\060\004\102\004\113\000.\000\040\004\035\004\070\004\064\004\065\004\100\004\073\004\060\004\075\004\064\004\113\000,\000\040\004\077\004\100\004\070\000\040\000M\000\040\000=\000\040\0001\0000\0005}{}% 24
\BOOKMARK [2][]{Outline0.25}{\376\377\004\040\004\065\004\067\004\103\004\073\004\114\004\102\004\060\004\102\004\113\000.\000\040\004\040\004\076\004\101\004\101\004\070\004\117\000,\000\040\004\077\004\100\004\070\000\040\000M\000\040\000=\000\040\0001\0000\0000\0000}{}% 25
